<?xml version="1.0" encoding="UTF-8"?>
<testng-results ignored="0" total="1" passed="1" failed="0" skipped="0">
  <reporter-output>
  </reporter-output>
  <suite started-at="2024-01-10T03:34:12Z" name="Default suite" finished-at="2024-01-10T03:34:14Z" duration-ms="1555">
    <groups>
    </groups>
    <test started-at="2024-01-10T03:34:12Z" name="Default test" finished-at="2024-01-10T03:34:14Z" duration-ms="1555">
      <class name="com.ny.getemployeeinfo.Get_Method">
        <test-method signature="getMethod()[pri:0, instance:com.ny.getemployeeinfo.Get_Method@6fe1b4fb]" started-at="2024-01-10T03:34:12Z" name="getMethod" finished-at="2024-01-10T03:34:14Z" duration-ms="1539" status="PASS">
          <reporter-output>
          </reporter-output>
        </test-method> <!-- getMethod -->
      </class> <!-- com.ny.getemployeeinfo.Get_Method -->
    </test> <!-- Default test -->
  </suite> <!-- Default suite -->
</testng-results>
